learning_rate	max_depth	n_boost_rounds	gamma	min_child_weight	max_delta_steps	base_score	train_score	test_score
0.01	10	100	0	45	10	0.2325	0.849736409319	0.76800375308	auc	0.1	1	0.4
0.01	10	100	0	45	10	0.2325	0.846019582553	0.768933510808	auc	0.1	1	0.17
0.01	10	100	0	45	10	0.2325	0.846409199771	0.768876262304	auc	0.1	1	0.18
0.01	10	100	0	45	10	0.2325	0.847667092733	0.768869370964	auc	0.1	1	0.4
0.01	10	100	0	45	10	0.2325	0.848116235472	0.768783732485	auc	0.1	1	0.425
0.01	10	100	0	45	10	0.2325	0.847969625024	0.769030643447	auc	0.1	1	0.4
0.01	10	100	0	45	10	0.2325	0.848008840631	0.769065275719	auc	0.1	1	0.4
0.01	20	100	0	45	10	0.2325	0.903606544924	0.772328685966	auc	0.1	1	0.4
0.01	25	100	0	45	10	0.2325	0.90409538998	0.772339885948	auc	0.1	1	0.4
0.01	30	100	0	45	10	0.2325	0.904103885285	0.772348921211	auc	0.1	1	0.4
0.01	40	100	0	45	10	0.2325	0.904136413645	0.77236792248	auc	0.1	1	0.4	topscore 100
0.01	50	100	0	45	10	0.2325	0.904136413645	0.77236792248	auc	0.1	1	0.4
0.01	40	2000	0	45	10	0.2325	0.999999989042	0.792805093768	auc	0.1	1	0.4
0.01	40	100	0	45	10	0.2325	0.904160324951	0.772347456108	auc	0.1	1	0.4
0.01	500	100	0	45	10	0.2325	0.904126373766	0.772355383796	auc	0.1	1	0.4
0.01	40	100	0	45	10	0.2325	0.904343423752	0.77220213153	auc	0.1	1	0.4
0.01	40	100	0	45	10	0.2325	0.904366824303	0.772171226401	auc	0.1	1	0.398
0.01	40	100	0	45	10	0.2325	0.904411805358	0.772167610705	auc	0.1	1	0.40247
0.01	40	100	0	45	10	0.2325	0.904217048649	0.772404658434	auc	0.1	1	0.4	added na count
0.01	40	100	0	45	10	0.2325	0.904053300614	0.772313262002	auc	0.1	1	0.4	max,median,zerocount,nacount
0.01	40	100	0	45	10	0.2325	0.904104841741	0.772293128656	auc	0.1	1	0.4	max,median,zerocount-fillna at different point
0.01	40	100	0	45	10	0.2325	0.904089631834	0.772319712202	auc	0.1	1	0.4	added stdev
0.01    40	100	0	45	10	0.2325	0.904223145094	0.77224729126	auc	0.1	1	0.4	added nacount
0.01	40	100	0	45	10	0.2325	0.904266979064	0.772264695713	auc	0.1	1	0.4	added mad, removed nacount
0.01	40	100	0	45	10	0.2325	0.904238483346	0.772219057699	auc	0.1	1	0.4	added kurt, removed mad
0.01	40	100	0	45	10	0.2325	0.904256009584	0.772223418492	auc	0.1	1	0.4	added skew, removed kurt
0.01	40	100	0	45	10	0.2325	0.9041494107	0.772168987523	auc	0.1	1	0.4	zerocount,stdev
0.01	40	100	0	45	10	0.2325	0.904162255328	0.772359424619	auc	0.1	1	0.4	zerocount,max,stdev
0.01	40	100	0	45	10	0.2325	0.903794590026	0.771957180969	auc	0.1	1	0.4	removed duplicate columns, kept zc,max,stdev
0.01	40	100	0	45	10	0.2325	0.90361528857	0.771849201536	auc	0.1	1	0.4	added xtremevals
0.01	40	100	0	45	10	0.2325	0.903616694946	0.771918281525	auc	0.1	1	0.4	added skew, removed xtremevales
0.009	40	100	0	45	10	0.2325	0.901159759069	0.771731850994	auc	0.09	1	0.4
0.011	40	100	0	45	10	0.2325	0.906585719345	0.772404709784	auc	0.09	1	0.4
0.02	40	100	0	45	10	0.2325	0.929192260066	0.776182449541	auc	0.09	1	0.4
0.03	40	100	0	45	10	0.2325	0.951234944479	0.779581509937	auc	0.09	1	0.4
0.02	40	20	0	45	10	0.2325	0.883988454356	0.767625545138	auc	0.1	1	0.4
0.02	40	2000	0	45	10	0.2325	1.0	0.792201062091	auc	0.1	1	0.4
0.01	40	10	0	45	10	0.2325	0.870773207251	0.763663864598	rmse	0.1	1	0.4	29.9712076823
0.01	40	10	0	45	10	0.2325	0.870715638421	0.76378979633	auc	0.1	1	0.4	30.0481703162
0.01	40	2000	0	45	10	0.2325	None	None	rmse	0.1	1	0.4	488.244848549
0.01	40	2000	0	45	10	0.2325	None	None	rmse	0.1	1	0.4	487.482518347
0.01	40	10	0	45	10	0.2325	None	None	rmse	0.1	1	0.4	17.682951653
0.009	40	10	0	45	10	0.2325	None	None	rmse	0.1	1	0.4	17.7033614318
0.01	2000	10	0	45	10	0.2325	None	None	rmse	0.1	1	0.4	30.7246314327
0.009	2000	10	0	45	10	0.2325	None	None	rmse	0.1	1	0.4	30.831031851
0.01	2000	10	0	45	10	0.2325	None	None	rmse	0.1	1	0.4	63.6604993502
0.009	2000	10	0	45	10	0.2325	None	None	rmse	0.1	1	0.4	65.8100791971
0.01	40	2000	0	45	10	0.2325	None	None	rmse	0.1	1	0.4	487.364101052
0.009	40	2000	0	45	10	0.2325	None	None	rmse	0.1	1	0.4	486.016662832
0.01	40	2000	0	45	10	0.2325	None	None	rmse	0.1	1	0.4	487.206438565
0.01	40	2000	0	45	10	0.2325	None	None	rmse	0.1	1	0.4	487.666424386
0.009	40	2000	0	45	10	0.2325	None	None	rmse	0.1	1	0.4	486.901380253
0.01	40	2000	0	45	10	0.2325	None	None	rmse	0.1	1	0.4	486.717147215
0.01	40	2000	0	45	10	0.2325	None	None	rmse	0.1	1	0.4	487.437550569
0.01	40	2000	0	45	10	0.2325	None	None	rmse	0.1	1	0.4	487.950173748
0.008	40	2000	0	45	10	0.2325	None	None	rmse	0.1	1	0.4	482.558924719
0.01	40	100	0	45	10	0.2325	None	None	rmse	0.1	1	0.4	34.7247155507
0.01	40	2000	0	45	10	0.2325	None	None	rmse	0.1	1	0.4	488.28023777
0.01	40	100	0	45	10	0.2325	None	None	rmse	0.1	1	0.4	15.0660688162
0.01	40	100	0	45	10	0.2325	None	None	rmse	0.1	1	0.4	15.0659552495
